<?xml version="1.0" encoding="UTF-8"?>
<testng-results ignored="0" total="3" passed="3" failed="0" skipped="0">
  <reporter-output>
  </reporter-output>
  <suite started-at="2022-05-20T00:33:28 GMT-07:00" name="Default suite" finished-at="2022-05-20T00:34:02 GMT-07:00" duration-ms="33477">
    <groups>
    </groups>
    <test started-at="2022-05-20T00:33:28 GMT-07:00" name="Default test" finished-at="2022-05-20T00:34:02 GMT-07:00" duration-ms="33477">
      <class name="Mindtree.Comprehensive.Assessment_3">
        <test-method signature="Test3()[pri:0, instance:Mindtree.Comprehensive.Assessment_3@63a12c68]" started-at="2022-05-20T00:33:28 GMT-07:00" name="Test3" finished-at="2022-05-20T00:33:36 GMT-07:00" duration-ms="8015" status="PASS">
          <reporter-output>
          </reporter-output>
        </test-method> <!-- Test3 -->
      </class> <!-- Mindtree.Comprehensive.Assessment_3 -->
      <class name="Mindtree.Comprehensive.Assessment_2">
        <test-method signature="Test2()[pri:0, instance:Mindtree.Comprehensive.Assessment_2@28f2a10f]" started-at="2022-05-20T00:33:36 GMT-07:00" name="Test2" finished-at="2022-05-20T00:33:51 GMT-07:00" duration-ms="14775" status="PASS">
          <reporter-output>
          </reporter-output>
        </test-method> <!-- Test2 -->
      </class> <!-- Mindtree.Comprehensive.Assessment_2 -->
      <class name="Mindtree.Comprehensive.Assessment1">
        <test-method signature="Test1()[pri:0, instance:Mindtree.Comprehensive.Assessment1@f736069]" started-at="2022-05-20T00:33:51 GMT-07:00" name="Test1" finished-at="2022-05-20T00:34:02 GMT-07:00" duration-ms="10604" status="PASS">
          <reporter-output>
          </reporter-output>
        </test-method> <!-- Test1 -->
      </class> <!-- Mindtree.Comprehensive.Assessment1 -->
    </test> <!-- Default test -->
  </suite> <!-- Default suite -->
</testng-results>
