<?xml version="1.0" encoding="UTF-8"?>
<!-- Generated by org.testng.reporters.JUnitXMLReporter -->
<testsuite ignored="0" hostname="mindc1d464" failures="0" tests="3" name="Default test" time="33.477" errors="0" timestamp="2022-05-20T00:34:02 GMT-07:00">
  <testcase classname="Mindtree.Comprehensive.Assessment_3" name="Test3" time="8.015"/>
  <testcase classname="Mindtree.Comprehensive.Assessment_2" name="Test2" time="14.775"/>
  <testcase classname="Mindtree.Comprehensive.Assessment1" name="Test1" time="10.604"/>
</testsuite> <!-- Default test -->
